        -:    0:Source:stdio_temp.c
        -:    0:Graph:/home/user/c-modernization-kit/app/com_util/test/src/libcom_utilTest/crt/fopenTempTest/obj/stdio_temp.gcno
        -:    0:Data:/home/user/c-modernization-kit/app/com_util/test/src/libcom_utilTest/crt/fopenTempTest/obj/stdio_temp.gcda
        -:    0:Runs:1
        -:    0:Programs:1
        -:    1:#include <com_util/crt/stdio.h>
        -:    2:#include <com_util/crt/path.h>
        -:    3:
        -:    4:#include "crt_internal.h"
        -:    5:
        -:    6:#include <errno.h>
        -:    7:#include <stdio.h>
        -:    8:#include <string.h>
        -:    9:
        -:   10:#if defined(PLATFORM_LINUX)
        -:   11:    #include <stdlib.h>
        -:   12:    #include <unistd.h>
        -:   13:#elif defined(PLATFORM_WINDOWS)
        -:   14:    #include <stdlib.h>
        -:   15:    #include <wchar.h>
        -:   16:#endif /* PLATFORM_ */
        -:   17:
        -:   18:/* prefix の有効文字数上限 (Windows GetTempFileNameW の制約に準拠) */
        -:   19:#define COM_UTIL_TEMP_PREFIX_MAX 3u
        -:   20:
        1:   21:COM_UTIL_EXPORT FILE *COM_UTIL_API com_util_fopen_temp(const char *prefix,
        -:   22:                                                        const char *modes,
        -:   23:                                                        char       *path_out,
        -:   24:                                                        size_t      path_size,
        -:   25:                                                        int        *errno_out)
        -:   26:{
        1:   27:    if (modes == NULL || path_out == NULL || path_size == 0u)
        -:   28:    {
    #####:   29:        if (errno_out != NULL)
        -:   30:        {
    #####:   31:            *errno_out = EINVAL;
        -:   32:        }
    #####:   33:        return NULL;
        -:   34:    }
        -:   35:
        -:   36:#if defined(PLATFORM_LINUX)
        -:   37:    {
        1:   38:        const char *tmpdir   = getenv("TMPDIR");
        -:   39:        char        pfx_buf[COM_UTIL_TEMP_PREFIX_MAX + 1u];
        -:   40:        const char *pfx;
        -:   41:        int         fd;
        -:   42:        FILE       *fp;
        -:   43:        int         n;
        -:   44:
        1:   45:        if (prefix != NULL)
        -:   46:        {
        1:   47:            if (strlen(prefix) > COM_UTIL_TEMP_PREFIX_MAX)
        -:   48:            {
        1:   49:                memcpy(pfx_buf, prefix, COM_UTIL_TEMP_PREFIX_MAX);
        1:   50:                pfx_buf[COM_UTIL_TEMP_PREFIX_MAX] = '\0';
        1:   51:                pfx = pfx_buf;
        -:   52:            }
        -:   53:            else
        -:   54:            {
    #####:   55:                pfx = prefix;
        -:   56:            }
        -:   57:        }
        -:   58:        else
        -:   59:        {
    #####:   60:            pfx = "cu_";
        -:   61:        }
        -:   62:
       1*:   63:        if (tmpdir == NULL || tmpdir[0] == '\0')
        -:   64:        {
        1:   65:            tmpdir = "/tmp";
        -:   66:        }
        -:   67:
        1:   68:        n = snprintf(path_out, path_size, "%s/%sXXXXXX", tmpdir, pfx);
        1:   69:        if (n < 0 || (size_t)n >= path_size)
        -:   70:        {
    #####:   71:            if (errno_out != NULL)
        -:   72:            {
    #####:   73:                *errno_out = ENAMETOOLONG;
        -:   74:            }
    #####:   75:            return NULL;
        -:   76:        }
        -:   77:
        1:   78:        errno = 0;
        1:   79:        fd    = mkstemp(path_out);
        1:   80:        if (fd == -1)
        -:   81:        {
    #####:   82:            if (errno_out != NULL)
        -:   83:            {
    #####:   84:                *errno_out = errno;
        -:   85:            }
    #####:   86:            return NULL;
        -:   87:        }
        -:   88:
        1:   89:        fp = fdopen(fd, modes);
        1:   90:        if (fp == NULL)
        -:   91:        {
    #####:   92:            int saved = errno;
    #####:   93:            close(fd);
    #####:   94:            unlink(path_out);
    #####:   95:            if (errno_out != NULL)
        -:   96:            {
    #####:   97:                *errno_out = saved;
        -:   98:            }
    #####:   99:            return NULL;
        -:  100:        }
        1:  101:        return fp;
        -:  102:    }
        -:  103:#elif defined(PLATFORM_WINDOWS)
        -:  104:    {
        -:  105:        wchar_t wdir[MAX_PATH];
        -:  106:        wchar_t wfile[MAX_PATH];
        -:  107:        wchar_t wprefix[COM_UTIL_TEMP_PREFIX_MAX + 1u];
        -:  108:        wchar_t wmodes[64];
        -:  109:        FILE   *fp = NULL;
        -:  110:        errno_t err;
        -:  111:        size_t  converted;
        -:  112:        DWORD   dwret;
        -:  113:        UINT    uret;
        -:  114:
        -:  115:        dwret = GetTempPathW((DWORD)(sizeof(wdir) / sizeof(wdir[0])), wdir);
        -:  116:        if (dwret == 0u || dwret > (DWORD)(sizeof(wdir) / sizeof(wdir[0])))
        -:  117:        {
        -:  118:            if (errno_out != NULL)
        -:  119:            {
        -:  120:                *errno_out = (int)GetLastError();
        -:  121:            }
        -:  122:            return NULL;
        -:  123:        }
        -:  124:
        -:  125:        {
        -:  126:            const char *pfx = (prefix != NULL && prefix[0] != '\0') ? prefix : "cu_";
        -:  127:            err = mbstowcs_s(&converted, wprefix, sizeof(wprefix) / sizeof(wprefix[0]), pfx, _TRUNCATE);
        -:  128:            if (err != 0)
        -:  129:            {
        -:  130:                if (errno_out != NULL)
        -:  131:                {
        -:  132:                    *errno_out = EINVAL;
        -:  133:                }
        -:  134:                return NULL;
        -:  135:            }
        -:  136:        }
        -:  137:
        -:  138:        uret = GetTempFileNameW(wdir, wprefix, 0u, wfile);
        -:  139:        if (uret == 0u)
        -:  140:        {
        -:  141:            if (errno_out != NULL)
        -:  142:            {
        -:  143:                *errno_out = (int)GetLastError();
        -:  144:            }
        -:  145:            return NULL;
        -:  146:        }
        -:  147:
        -:  148:        if (com_util_wpath_to_utf8(path_out, path_size, wfile) < 0)
        -:  149:        {
        -:  150:            DeleteFileW(wfile);
        -:  151:            if (errno_out != NULL)
        -:  152:            {
        -:  153:                *errno_out = ENAMETOOLONG;
        -:  154:            }
        -:  155:            return NULL;
        -:  156:        }
        -:  157:
        -:  158:        err = mbstowcs_s(&converted, wmodes, sizeof(wmodes) / sizeof(wmodes[0]), modes, _TRUNCATE);
        -:  159:        if (err != 0)
        -:  160:        {
        -:  161:            DeleteFileW(wfile);
        -:  162:            if (errno_out != NULL)
        -:  163:            {
        -:  164:                *errno_out = EINVAL;
        -:  165:            }
        -:  166:            return NULL;
        -:  167:        }
        -:  168:
        -:  169:        err = _wfopen_s(&fp, wfile, wmodes);
        -:  170:        if (err != 0)
        -:  171:        {
        -:  172:            DeleteFileW(wfile);
        -:  173:            if (errno_out != NULL)
        -:  174:            {
        -:  175:                *errno_out = (int)err;
        -:  176:            }
        -:  177:            return NULL;
        -:  178:        }
        -:  179:        return fp;
        -:  180:    }
        -:  181:#endif /* PLATFORM_ */
        -:  182:}
